2026-05-17 20:32:01,227 - INFO - Building image sweb.env.py.x86_64.c70909fdac4897d1c685df:latest
Using dockerfile:
FROM --platform=linux/x86_64 sweb.base.py.x86_64:latest

COPY ./setup_env.sh /root/
RUN sed -i -e 's/\r$//' /root/setup_env.sh
RUN chmod +x /root/setup_env.sh
RUN /bin/bash -c "source ~/.bashrc && /root/setup_env.sh"

WORKDIR /testbed/

# Automatically activate the testbed environment
RUN echo "source /opt/miniconda3/etc/profile.d/conda.sh && conda activate testbed" > /root/.bashrc

Adding (1) setup scripts to image build repo
2026-05-17 20:32:01,228 - INFO - [SETUP SCRIPT] setup_env.sh:
#!/bin/bash
set -euxo pipefail
source /opt/miniconda3/bin/activate
conda create -n testbed python=3.11 -y
cat <<'EOF_59812759871' > $HOME/requirements.txt
aiosmtpd
asgiref >= 3.7.0
argon2-cffi >= 19.2.0
bcrypt
black
docutils
geoip2; python_version < '3.12'
jinja2 >= 2.11.0
numpy; python_version < '3.12'
Pillow >= 6.2.1; sys.platform != 'win32' or python_version < '3.12'
pylibmc; sys.platform != 'win32'
pymemcache >= 3.4.0
pywatchman; sys.platform != 'win32'
PyYAML
redis >= 3.4.0
selenium >= 4.8.0
sqlparse >= 0.3.1
tblib >= 1.5.0
tzdata
colorama; sys.platform == 'win32'

EOF_59812759871
conda activate testbed && python -m pip install -r $HOME/requirements.txt
rm $HOME/requirements.txt
conda activate testbed

2026-05-17 20:32:01,228 - INFO - Building docker image sweb.env.py.x86_64.c70909fdac4897d1c685df:latest in logs/build_images/env/sweb.env.py.x86_64.c70909fdac4897d1c685df__latest with platform linux/x86_64
2026-05-17 20:32:01,233 - INFO - Step 1/7 : FROM --platform=linux/x86_64 sweb.base.py.x86_64:latest
2026-05-17 20:32:01,233 - INFO - 
2026-05-17 20:32:01,233 - INFO - ---> 3e35a5c50619
2026-05-17 20:32:01,233 - INFO - Step 2/7 : COPY ./setup_env.sh /root/
2026-05-17 20:32:01,233 - INFO - 
2026-05-17 20:32:01,273 - INFO - ---> 10ff7fb2ca90
2026-05-17 20:32:01,273 - INFO - Step 3/7 : RUN sed -i -e 's/\r$//' /root/setup_env.sh
2026-05-17 20:32:01,273 - INFO - 
2026-05-17 20:32:01,299 - INFO - ---> Running in 8be0a29dbd4e
2026-05-17 20:32:01,630 - INFO - ---> Removed intermediate container 8be0a29dbd4e
2026-05-17 20:32:01,630 - INFO - ---> 34da0d86de21
2026-05-17 20:32:01,630 - INFO - Step 4/7 : RUN chmod +x /root/setup_env.sh
2026-05-17 20:32:01,630 - INFO - 
2026-05-17 20:32:01,651 - INFO - ---> Running in e8f6ec23a864
2026-05-17 20:32:02,009 - INFO - ---> Removed intermediate container e8f6ec23a864
2026-05-17 20:32:02,009 - INFO - ---> ec3c1abf8d00
2026-05-17 20:32:02,009 - INFO - Step 5/7 : RUN /bin/bash -c "source ~/.bashrc && /root/setup_env.sh"
2026-05-17 20:32:02,009 - INFO - 
2026-05-17 20:32:02,034 - INFO - ---> Running in 4f921e22f898
2026-05-17 20:32:02,217 - INFO - + source /opt/miniconda3/bin/activate
++ _CONDA_ROOT=/opt/miniconda3
++ . /opt/miniconda3/etc/profile.d/conda.sh
2026-05-17 20:32:02,217 - INFO - +++ export CONDA_EXE=/opt/miniconda3/bin/conda
+++ CONDA_EXE=/opt/miniconda3/bin/conda
+++ export _CE_M=
+++ _CE_M=
+++ export _CE_CONDA=
+++ _CE_CONDA=
2026-05-17 20:32:02,217 - INFO - +++ export CONDA_PYTHON_EXE=/opt/miniconda3/bin/python
+++ CONDA_PYTHON_EXE=/opt/miniconda3/bin/python
2026-05-17 20:32:02,217 - INFO - +++ '[' -z '' ']'
+++ export CONDA_SHLVL=0
+++ CONDA_SHLVL=0
+++ '[' -n '' ']'
2026-05-17 20:32:02,218 - INFO - +++++ dirname /opt/miniconda3/bin/conda
2026-05-17 20:32:02,218 - INFO - ++++ dirname /opt/miniconda3/bin
2026-05-17 20:32:02,219 - INFO - +++ PATH=/opt/miniconda3/condabin:/opt/miniconda3/bin:/usr/local/sbin:/usr/local/bin:/usr/sbin:/usr/bin:/sbin:/bin
+++ export PATH
+++ '[' -z '' ']'
+++ PS1=
2026-05-17 20:32:02,219 - INFO - ++ conda activate
++ local cmd=activate
++ case "$cmd" in
2026-05-17 20:32:02,219 - INFO - ++ __conda_activate activate
2026-05-17 20:32:02,219 - INFO - ++ '[' -n '' ']'
++ local ask_conda
2026-05-17 20:32:02,219 - INFO - +++ PS1=
+++ __conda_exe shell.posix activate
2026-05-17 20:32:02,220 - INFO - +++ /opt/miniconda3/bin/conda shell.posix activate
2026-05-17 20:32:02,331 - INFO - ++ ask_conda='PS1='\''(base) '\''
export PATH='\''/opt/miniconda3/bin:/opt/miniconda3/condabin:/opt/miniconda3/bin:/usr/local/sbin:/usr/local/bin:/usr/sbin:/usr/bin:/sbin:/bin'\''
export CONDA_PREFIX='\''/opt/miniconda3'\''
export CONDA_SHLVL='\''1'\''
export CONDA_DEFAULT_ENV='\''base'\''
export CONDA_PROMPT_MODIFIER='\''(base) '\''
export CONDA_EXE='\''/opt/miniconda3/bin/conda'\''
export _CE_M='\'''\''
export _CE_CONDA='\'''\''
export CONDA_PYTHON_EXE='\''/opt/miniconda3/bin/python'\'''
++ eval 'PS1='\''(base) '\''
export PATH='\''/opt/miniconda3/bin:/opt/miniconda3/condabin:/opt/miniconda3/bin:/usr/local/sbin:/usr/local/bin:/usr/sbin:/usr/bin:/sbin:/bin'\''
export CONDA_PREFIX='\''/opt/miniconda3'\''
export CONDA_SHLVL='\''1'\''
export CONDA_DEFAULT_ENV='\''base'\''
export CONDA_PROMPT_MODIFIER='\''(base) '\''
export CONDA_EXE='\''/opt/miniconda3/bin/conda'\''
export _CE_M='\'''\''
export _CE_CONDA='\'''\''
export CONDA_PYTHON_EXE='\''/opt/miniconda3/bin/python'\'''
+++ PS1='(base) '
+++ export PATH=/opt/miniconda3/bin:/opt/miniconda3/condabin:/opt/miniconda3/bin:/usr/local/sbin:/usr/local/bin:/usr/sbin:/usr/bin:/sbin:/bin
+++ PATH=/opt/miniconda3/bin:/opt/miniconda3/condabin:/opt/miniconda3/bin:/usr/local/sbin:/usr/local/bin:/usr/sbin:/usr/bin:/sbin:/bin
+++ export CONDA_PREFIX=/opt/miniconda3
+++ CONDA_PREFIX=/opt/miniconda3
+++ export CONDA_SHLVL=1
+++ CONDA_SHLVL=1
2026-05-17 20:32:02,331 - INFO - +++ export CONDA_DEFAULT_ENV=base
+++ CONDA_DEFAULT_ENV=base
+++ export 'CONDA_PROMPT_MODIFIER=(base) '
+++ CONDA_PROMPT_MODIFIER='(base) '
+++ export CONDA_EXE=/opt/miniconda3/bin/conda
+++ CONDA_EXE=/opt/miniconda3/bin/conda
+++ export _CE_M=
+++ _CE_M=
2026-05-17 20:32:02,331 - INFO - +++ export _CE_CONDA=
+++ _CE_CONDA=
+++ export CONDA_PYTHON_EXE=/opt/miniconda3/bin/python
+++ CONDA_PYTHON_EXE=/opt/miniconda3/bin/python
++ __conda_hashr
2026-05-17 20:32:02,337 - INFO - ++ '[' -n '' ']'
++ '[' -n '' ']'
++ hash -r
2026-05-17 20:32:02,337 - INFO - + conda create -n testbed python=3.11 -y
+ local cmd=create
+ case "$cmd" in
2026-05-17 20:32:02,337 - INFO - + __conda_exe create -n testbed python=3.11 -y
2026-05-17 20:32:02,337 - INFO - + /opt/miniconda3/bin/conda create -n testbed python=3.11 -y
2026-05-17 20:32:02,885 - INFO - Channels:
 - defaults
 - conda-forge
Platform: linux-64
Collecting package metadata (repodata.json): ...working...
2026-05-17 20:33:07,524 - INFO - done
Solving environment: ...working...
2026-05-17 20:33:09,778 - INFO - done
2026-05-17 20:33:23,572 - INFO - ## Package Plan ##

  environment location: /opt/miniconda3/envs/testbed

  added / updated specs:
    - python=3.11


The following packages will be downloaded:

    package                    |            build
    ---------------------------|-----------------
    bzip2-1.0.8                |       h5eee18b_6         262 KB
    ca-certificates-2026.3.19  |       h06a4308_0         126 KB
    ld_impl_linux-64-2.44      |       h9e0c5a2_3         725 KB
    libexpat-2.8.0             |       h7354ed3_0         123 KB
    libffi-3.4.8               |       hc5d346e_2         136 KB
    libgcc-15.2.0              |       h69a1729_7         806 KB
    libgcc-ng-15.2.0           |       h166f726_7          28 KB
    libgomp-15.2.0             |       h4751f2c_7         436 KB
    libnsl-2.0.0               |       h5eee18b_0          31 KB
    libstdcxx-15.2.0           |       h39759b7_7         3.7 MB
    libxcb-1.17.0              |       h9b100fa_0         430 KB
    libzlib-1.3.1              |       h47b2149_1          59 KB
    ncurses-6.5                |       h7934f7d_0         1.1 MB
    openssl-3.5.6              |       h1b28b03_0         5.6 MB
    packaging-26.0             |  py311h06a4308_0         197 KB
    pip-26.0.1                 |     pyhc872135_1         1.1 MB
    pthread-stubs-0.3          |       h0ce48e5_1           5 KB
    python-3.11.15             |       h741d88c_0        29.5 MB
    readline-8.3               |       hc2a1206_0         471 KB
    setuptools-82.0.1          |  py311h06a4308_0         1.6 MB
    sqlite-3.51.2              |       h3e8d24a_0         1.2 MB
    tk-8.6.15                  |       h54e0aa7_0         3.4 MB
    tzdata-2026a               |       he532380_0         117 KB
    wheel-0.46.3               |  py311h06a4308_0          71 KB
    xorg-libx11-1.8.12         |       h9b100fa_1         895 KB
    xorg-libxau-1.0.12         |       h9b100fa_0          13 KB
    xorg-libxdmcp-1.1.5        |       h9b100fa_0          19 KB
    xorg-xorgproto-2024.1      |       h5eee18b_1         580 KB
    xz-5.8.2                   |       h448239c_0         621 KB
    zlib-1.3.1                 |       h47b2149_1          89 KB
    ------------------------------------------------------------
                                           Total:        53.4 MB

The following NEW packages will be INSTALLED:

  _libgcc_mutex      pkgs/main/linux-64::_libgcc_mutex-0.1-main 
  _openmp_mutex      pkgs/main/linux-64::_openmp_mutex-5.1-1_gnu 
  bzip2              pkgs/main/linux-64::bzip2-1.0.8-h5eee18b_6 
  ca-certificates    pkgs/main/linux-<REDACTED_IP>-certificates-2026.3.19-h06a4308_0 
  ld_impl_linux-64   pkgs/main/linux-64::ld_impl_linux-64-2.44-h9e0c5a2_3 
  libexpat           pkgs/main/linux-64::libexpat-2.8.0-h7354ed3_0 
  libffi             pkgs/main/linux-64::libffi-3.4.8-hc5d346e_2 
  libgcc             pkgs/main/linux-64::libgcc-15.2.0-h69a1729_7 
  libgcc-ng          pkgs/main/linux-64::libgcc-ng-15.2.0-h166f726_7 
  libgomp            pkgs/main/linux-64::libgomp-15.2.0-h4751f2c_7 
  libnsl             pkgs/main/linux-64::libnsl-2.0.0-h5eee18b_0 
  libstdcxx          pkgs/main/linux-64::libstdcxx-15.2.0-h39759b7_7 
  libuuid            pkgs/main/linux-64::libuuid-1.41.5-h5eee18b_0 
  libxcb             pkgs/main/linux-64::libxcb-1.17.0-h9b100fa_0 
  libzlib            pkgs/main/linux-64::libzlib-1.3.1-h47b2149_1 
  ncurses            pkgs/main/linux-64::ncurses-6.5-h7934f7d_0 
  openssl            pkgs/main/linux-64::openssl-3.5.6-h1b28b03_0 
  packaging          pkgs/main/linux-64::packaging-26.0-py311h06a4308_0 
  pip                pkgs/main/noarch::pip-26.0.1-pyhc872135_1 
  pthread-stubs      pkgs/main/linux-64::pthread-stubs-0.3-h0ce48e5_1 
  python             pkgs/main/linux-64::python-3.11.15-h741d88c_0 
  readline           pkgs/main/linux-64::readline-8.3-hc2a1206_0 
  setuptools         pkgs/main/linux-64::setuptools-82.0.1-py311h06a4308_0 
  sqlite             pkgs/main/linux-64::sqlite-3.51.2-h3e8d24a_0 
  tk                 pkgs/main/linux-64::tk-8.6.15-h54e0aa7_0 
  tzdata             pkgs/main/noarch::tzdata-2026a-he532380_0 
  wheel              pkgs/main/linux-64::wheel-0.46.3-py311h06a4308_0 
  xorg-libx11        pkgs/main/linux-64::xorg-libx11-1.8.12-h9b100fa_1 
  xorg-libxau        pkgs/main/linux-64::xorg-libxau-1.0.12-h9b100fa_0 
  xorg-libxdmcp      pkgs/main/linux-64::xorg-libxdmcp-1.1.5-h9b100fa_0 
  xorg-xorgproto     pkgs/main/linux-64::xorg-xorgproto-2024.1-h5eee18b_1 
  xz                 pkgs/main/linux-64::xz-5.8.2-h448239c_0 
  zlib               pkgs/main/linux-64::zlib-1.3.1-h47b2149_1 



Downloading and Extracting Packages: ...working... done
Preparing transaction: ...working...
2026-05-17 20:33:23,817 - INFO - done
Verifying transaction: ...working...
2026-05-17 20:33:25,336 - INFO - done
2026-05-17 20:33:25,337 - INFO - Executing transaction: ...working...
2026-05-17 20:33:27,010 - INFO - done
2026-05-17 20:33:27,033 - INFO - #
# To activate this environment, use
#
#     $ conda activate testbed
#
# To deactivate an active environment, use
#
#     $ conda deactivate
2026-05-17 20:33:27,114 - INFO - + cat
2026-05-17 20:33:27,115 - INFO - + conda activate testbed
+ local cmd=activate
+ case "$cmd" in
2026-05-17 20:33:27,115 - INFO - + __conda_activate activate testbed
2026-05-17 20:33:27,115 - INFO - + '[' -n '' ']'
+ local ask_conda
2026-05-17 20:33:27,115 - INFO - ++ PS1='(base) '
++ __conda_exe shell.posix activate testbed
2026-05-17 20:33:27,115 - INFO - ++ /opt/miniconda3/bin/conda shell.posix activate testbed
2026-05-17 20:33:27,221 - INFO - + ask_conda='PS1='\''(testbed) '\''
export PATH='\''/opt/miniconda3/envs/testbed/bin:/opt/miniconda3/condabin:/opt/miniconda3/bin:/usr/local/sbin:/usr/local/bin:/usr/sbin:/usr/bin:/sbin:/bin'\''
export CONDA_PREFIX='\''/opt/miniconda3/envs/testbed'\''
export CONDA_SHLVL='\''2'\''
export CONDA_DEFAULT_ENV='\''testbed'\''
export CONDA_PROMPT_MODIFIER='\''(testbed) '\''
export CONDA_PREFIX_1='\''/opt/miniconda3'\''
export CONDA_EXE='\''/opt/miniconda3/bin/conda'\''
export _CE_M='\'''\''
export _CE_CONDA='\'''\''
export CONDA_PYTHON_EXE='\''/opt/miniconda3/bin/python'\'''
+ eval 'PS1='\''(testbed) '\''
export PATH='\''/opt/miniconda3/envs/testbed/bin:/opt/miniconda3/condabin:/opt/miniconda3/bin:/usr/local/sbin:/usr/local/bin:/usr/sbin:/usr/bin:/sbin:/bin'\''
export CONDA_PREFIX='\''/opt/miniconda3/envs/testbed'\''
export CONDA_SHLVL='\''2'\''
export CONDA_DEFAULT_ENV='\''testbed'\''
export CONDA_PROMPT_MODIFIER='\''(testbed) '\''
export CONDA_PREFIX_1='\''/opt/miniconda3'\''
export CONDA_EXE='\''/opt/miniconda3/bin/conda'\''
export _CE_M='\'''\''
export _CE_CONDA='\'''\''
export CONDA_PYTHON_EXE='\''/opt/miniconda3/bin/python'\'''
++ PS1='(testbed) '
++ export PATH=/opt/miniconda3/envs/testbed/bin:/opt/miniconda3/condabin:/opt/miniconda3/bin:/usr/local/sbin:/usr/local/bin:/usr/sbin:/usr/bin:/sbin:/bin
++ PATH=/opt/miniconda3/envs/testbed/bin:/opt/miniconda3/condabin:/opt/miniconda3/bin:/usr/local/sbin:/usr/local/bin:/usr/sbin:/usr/bin:/sbin:/bin
++ export CONDA_PREFIX=/opt/miniconda3/envs/testbed
++ CONDA_PREFIX=/opt/miniconda3/envs/testbed
2026-05-17 20:33:27,222 - INFO - ++ export CONDA_SHLVL=2
++ CONDA_SHLVL=2
++ export CONDA_DEFAULT_ENV=testbed
++ CONDA_DEFAULT_ENV=testbed
2026-05-17 20:33:27,222 - INFO - ++ export 'CONDA_PROMPT_MODIFIER=(testbed) '
++ CONDA_PROMPT_MODIFIER='(testbed) '
++ export CONDA_PREFIX_1=/opt/miniconda3
++ CONDA_PREFIX_1=/opt/miniconda3
++ export CONDA_EXE=/opt/miniconda3/bin/conda
++ CONDA_EXE=/opt/miniconda3/bin/conda
++ export _CE_M=
++ _CE_M=
++ export _CE_CONDA=
++ _CE_CONDA=
2026-05-17 20:33:27,222 - INFO - ++ export CONDA_PYTHON_EXE=/opt/miniconda3/bin/python
++ CONDA_PYTHON_EXE=/opt/miniconda3/bin/python
2026-05-17 20:33:27,222 - INFO - + __conda_hashr
+ '[' -n '' ']'
2026-05-17 20:33:27,222 - INFO - + '[' -n '' ']'
+ hash -r
2026-05-17 20:33:27,222 - INFO - + python -m pip install -r /root/requirements.txt
2026-05-17 20:33:27,494 - INFO - Ignoring colorama: markers 'sys_platform == "win32"' don't match your environment
2026-05-17 20:33:27,817 - INFO - Collecting aiosmtpd (from -r /root/requirements.txt (line 1))
2026-05-17 20:33:28,149 - INFO - Downloading aiosmtpd-1.4.6-py3-none-any.whl.metadata (6.6 kB)
2026-05-17 20:33:28,333 - INFO - Collecting asgiref>=3.7.0 (from -r /root/requirements.txt (line 2))
2026-05-17 20:33:28,437 - INFO - Downloading asgiref-3.11.1-py3-none-any.whl.metadata (9.3 kB)
2026-05-17 20:33:28,627 - INFO - Collecting argon2-cffi>=19.2.0 (from -r /root/requirements.txt (line 3))
2026-05-17 20:33:28,730 - INFO - Downloading argon2_cffi-25.1.0-py3-none-any.whl.metadata (4.1 kB)
2026-05-17 20:33:29,025 - INFO - Collecting bcrypt (from -r /root/requirements.txt (line 4))
2026-05-17 20:33:29,128 - INFO - Downloading bcrypt-5.0.0-cp39-abi3-manylinux_2_34_x86_64.whl.metadata (10 kB)
2026-05-17 20:33:29,526 - INFO - Collecting black (from -r /root/requirements.txt (line 5))
2026-05-17 20:33:29,630 - INFO - Downloading black-26.5.0-cp311-cp311-manylinux2014_x86_64.manylinux_2_17_x86_64.manylinux_2_28_x86_64.whl.metadata (94 kB)
2026-05-17 20:33:30,162 - INFO - Collecting docutils (from -r /root/requirements.txt (line 6))
2026-05-17 20:33:30,268 - INFO - Downloading docutils-0.22.4-py3-none-any.whl.metadata (15 kB)
2026-05-17 20:33:30,452 - INFO - Collecting geoip2 (from -r /root/requirements.txt (line 7))
2026-05-17 20:33:30,557 - INFO - Downloading geoip2-5.2.0-py3-none-any.whl.metadata (19 kB)
2026-05-17 20:33:30,806 - INFO - Collecting jinja2>=2.11.0 (from -r /root/requirements.txt (line 8))
2026-05-17 20:33:30,909 - INFO - Downloading jinja2-3.1.6-py3-none-any.whl.metadata (2.9 kB)
2026-05-17 20:33:31,854 - INFO - Collecting numpy (from -r /root/requirements.txt (line 9))
2026-05-17 20:33:31,958 - INFO - Downloading numpy-2.4.5-cp311-cp311-manylinux_2_27_x86_64.manylinux_2_28_x86_64.whl.metadata (6.6 kB)
2026-05-17 20:33:32,551 - INFO - Collecting Pillow>=6.2.1 (from -r /root/requirements.txt (line 10))
2026-05-17 20:33:32,654 - INFO - Downloading pillow-12.2.0-cp311-cp311-manylinux_2_27_x86_64.manylinux_2_28_x86_64.whl.metadata (8.8 kB)
2026-05-17 20:33:32,792 - INFO - Collecting pylibmc (from -r /root/requirements.txt (line 11))
2026-05-17 20:33:32,895 - INFO - Downloading pylibmc-1.6.3-cp311-cp311-manylinux_2_17_x86_64.manylinux2014_x86_64.whl.metadata (4.0 kB)
2026-05-17 20:33:33,020 - INFO - Collecting pymemcache>=3.4.0 (from -r /root/requirements.txt (line 12))
2026-05-17 20:33:33,123 - INFO - Downloading pymemcache-4.0.0-py2.py3-none-any.whl.metadata (14 kB)
2026-05-17 20:33:33,301 - INFO - Collecting pywatchman (from -r /root/requirements.txt (line 13))
2026-05-17 20:33:33,404 - INFO - Downloading pywatchman-3.0.0.tar.gz (40 kB)
2026-05-17 20:33:33,560 - INFO - Installing build dependencies: started
2026-05-17 20:33:37,067 - INFO - Installing build dependencies: finished with status 'done'
2026-05-17 20:33:37,067 - INFO - Getting requirements to build wheel: started
2026-05-17 20:33:37,492 - INFO - Getting requirements to build wheel: finished with status 'done'
2026-05-17 20:33:37,493 - INFO - Preparing metadata (pyproject.toml): started
2026-05-17 20:33:37,687 - INFO - Preparing metadata (pyproject.toml): finished with status 'done'
2026-05-17 20:33:37,972 - INFO - Collecting PyYAML (from -r /root/requirements.txt (line 14))
2026-05-17 20:33:38,077 - INFO - Downloading pyyaml-6.0.3-cp311-cp311-manylinux2014_x86_64.manylinux_2_17_x86_64.manylinux_2_28_x86_64.whl.metadata (2.4 kB)
2026-05-17 20:33:38,247 - INFO - Collecting redis>=3.4.0 (from -r /root/requirements.txt (line 15))
2026-05-17 20:33:38,350 - INFO - Downloading redis-7.4.0-py3-none-any.whl.metadata (12 kB)
2026-05-17 20:33:38,572 - INFO - Collecting selenium>=4.8.0 (from -r /root/requirements.txt (line 16))
2026-05-17 20:33:38,675 - INFO - Downloading selenium-4.44.0-py3-none-any.whl.metadata (7.4 kB)
2026-05-17 20:33:38,794 - INFO - Collecting sqlparse>=0.3.1 (from -r /root/requirements.txt (line 17))
2026-05-17 20:33:38,896 - INFO - Downloading sqlparse-0.5.5-py3-none-any.whl.metadata (4.7 kB)
2026-05-17 20:33:39,008 - INFO - Collecting tblib>=1.5.0 (from -r /root/requirements.txt (line 18))
2026-05-17 20:33:39,111 - INFO - Downloading tblib-3.2.2-py3-none-any.whl.metadata (27 kB)
2026-05-17 20:33:39,293 - INFO - Collecting tzdata (from -r /root/requirements.txt (line 19))
2026-05-17 20:33:39,395 - INFO - Downloading tzdata-2026.2-py2.py3-none-any.whl.metadata (1.4 kB)
2026-05-17 20:33:39,505 - INFO - Collecting atpublic (from aiosmtpd->-r /root/requirements.txt (line 1))
2026-05-17 20:33:39,608 - INFO - Downloading atpublic-7.0.0-py3-none-any.whl.metadata (2.0 kB)
2026-05-17 20:33:39,720 - INFO - Collecting attrs (from aiosmtpd->-r /root/requirements.txt (line 1))
2026-05-17 20:33:39,823 - INFO - Downloading attrs-26.1.0-py3-none-any.whl.metadata (8.8 kB)
2026-05-17 20:33:39,935 - INFO - Collecting argon2-cffi-bindings (from argon2-cffi>=19.2.0->-r /root/requirements.txt (line 3))
2026-05-17 20:33:40,040 - INFO - Downloading argon2_cffi_bindings-25.1.0-cp39-abi3-manylinux_2_26_x86_64.manylinux_2_28_x86_64.whl.metadata (7.4 kB)
2026-05-17 20:33:40,201 - INFO - Collecting click>=8.0.0 (from black->-r /root/requirements.txt (line 5))
2026-05-17 20:33:40,363 - INFO - Downloading click-8.4.0-py3-none-any.whl.metadata (2.6 kB)
2026-05-17 20:33:40,481 - INFO - Collecting mypy-extensions>=0.4.3 (from black->-r /root/requirements.txt (line 5))
2026-05-17 20:33:40,585 - INFO - Downloading mypy_extensions-1.1.0-py3-none-any.whl.metadata (1.1 kB)
2026-05-17 20:33:40,592 - INFO - Requirement already satisfied: packaging>=22.0 in ./opt/miniconda3/envs/testbed/lib/python3.11/site-packages (from black->-r /root/requirements.txt (line 5)) (26.0)
2026-05-17 20:33:40,696 - INFO - Collecting pathspec>=1.0.0 (from black->-r /root/requirements.txt (line 5))
2026-05-17 20:33:40,799 - INFO - Downloading pathspec-1.1.1-py3-none-any.whl.metadata (14 kB)
2026-05-17 20:33:41,058 - INFO - Collecting platformdirs>=2 (from black->-r /root/requirements.txt (line 5))
2026-05-17 20:33:41,161 - INFO - Downloading platformdirs-4.9.6-py3-none-any.whl.metadata (4.7 kB)
2026-05-17 20:33:41,299 - INFO - Collecting pytokens~=0.4.0 (from black->-r /root/requirements.txt (line 5))
2026-05-17 20:33:41,402 - INFO - Downloading pytokens-0.4.1-cp311-cp311-manylinux2014_x86_64.manylinux_2_17_x86_64.manylinux_2_28_x86_64.whl.metadata (3.8 kB)
2026-05-17 20:33:43,719 - INFO - Collecting aiohttp<4.0.0,>=3.6.2 (from geoip2->-r /root/requirements.txt (line 7))
2026-05-17 20:33:43,822 - INFO - Downloading aiohttp-3.13.5-cp311-cp311-manylinux2014_x86_64.manylinux_2_17_x86_64.manylinux_2_28_x86_64.whl.metadata (8.1 kB)
2026-05-17 20:33:44,174 - INFO - Collecting maxminddb<4.0.0,>=3.0.0 (from geoip2->-r /root/requirements.txt (line 7))
2026-05-17 20:33:44,277 - INFO - Downloading maxminddb-3.1.1-cp311-cp311-manylinux2014_x86_64.manylinux_2_17_x86_64.manylinux_2_28_x86_64.whl.metadata (5.3 kB)
2026-05-17 20:33:44,443 - INFO - Collecting requests<3.0.0,>=2.24.0 (from geoip2->-r /root/requirements.txt (line 7))
2026-05-17 20:33:44,566 - INFO - Downloading requests-2.34.2-py3-none-any.whl.metadata (4.8 kB)
2026-05-17 20:33:44,703 - INFO - Collecting aiohappyeyeballs>=2.5.0 (from aiohttp<4.0.0,>=3.6.2->geoip2->-r /root/requirements.txt (line 7))
2026-05-17 20:33:44,805 - INFO - Downloading aiohappyeyeballs-2.6.1-py3-none-any.whl.metadata (5.9 kB)
2026-05-17 20:33:44,974 - INFO - Collecting aiosignal>=1.4.0 (from aiohttp<4.0.0,>=3.6.2->geoip2->-r /root/requirements.txt (line 7))
2026-05-17 20:33:45,076 - INFO - Downloading aiosignal-1.4.0-py3-none-any.whl.metadata (3.7 kB)
2026-05-17 20:33:45,510 - INFO - Collecting frozenlist>=1.1.1 (from aiohttp<4.0.0,>=3.6.2->geoip2->-r /root/requirements.txt (line 7))
2026-05-17 20:33:45,614 - INFO - Downloading frozenlist-1.8.0-cp311-cp311-manylinux1_x86_64.manylinux_2_28_x86_64.manylinux_2_5_x86_64.whl.metadata (20 kB)
2026-05-17 20:33:46,597 - INFO - Collecting multidict<7.0,>=4.5 (from aiohttp<4.0.0,>=3.6.2->geoip2->-r /root/requirements.txt (line 7))
2026-05-17 20:33:46,700 - INFO - Downloading multidict-6.7.1-cp311-cp311-manylinux2014_x86_64.manylinux_2_17_x86_64.manylinux_2_28_x86_64.whl.metadata (5.3 kB)
2026-05-17 20:33:46,970 - INFO - Collecting propcache>=0.2.0 (from aiohttp<4.0.0,>=3.6.2->geoip2->-r /root/requirements.txt (line 7))
2026-05-17 20:33:47,078 - INFO - Downloading propcache-0.5.2-cp311-cp311-manylinux2014_x86_64.manylinux_2_17_x86_64.manylinux_2_28_x86_64.whl.metadata (16 kB)
2026-05-17 20:33:47,957 - INFO - Collecting yarl<2.0,>=1.17.0 (from aiohttp<4.0.0,>=3.6.2->geoip2->-r /root/requirements.txt (line 7))
2026-05-17 20:33:48,063 - INFO - Downloading yarl-1.23.0-cp311-cp311-manylinux2014_x86_64.manylinux_2_17_x86_64.manylinux_2_28_x86_64.whl.metadata (79 kB)
2026-05-17 20:33:48,697 - INFO - Collecting charset_normalizer<4,>=2 (from requests<3.0.0,>=2.24.0->geoip2->-r /root/requirements.txt (line 7))
2026-05-17 20:33:48,801 - INFO - Downloading charset_normalizer-3.4.7-cp311-cp311-manylinux2014_x86_64.manylinux_2_17_x86_64.manylinux_2_28_x86_64.whl.metadata (40 kB)
2026-05-17 20:33:49,011 - INFO - Collecting idna<4,>=2.5 (from requests<3.0.0,>=2.24.0->geoip2->-r /root/requirements.txt (line 7))
2026-05-17 20:33:49,113 - INFO - Downloading idna-3.15-py3-none-any.whl.metadata (7.7 kB)
2026-05-17 20:33:49,256 - INFO - Collecting urllib3<3,>=1.26 (from requests<3.0.0,>=2.24.0->geoip2->-r /root/requirements.txt (line 7))
2026-05-17 20:33:49,358 - INFO - Downloading urllib3-2.7.0-py3-none-any.whl.metadata (6.9 kB)
2026-05-17 20:33:49,474 - INFO - Collecting certifi>=2023.5.7 (from requests<3.0.0,>=2.24.0->geoip2->-r /root/requirements.txt (line 7))
2026-05-17 20:33:49,578 - INFO - Downloading certifi-2026.4.22-py3-none-any.whl.metadata (2.5 kB)
2026-05-17 20:33:49,865 - INFO - Collecting MarkupSafe>=2.0 (from jinja2>=2.11.0->-r /root/requirements.txt (line 8))
2026-05-17 20:33:49,968 - INFO - Downloading markupsafe-3.0.3-cp311-cp311-manylinux2014_x86_64.manylinux_2_17_x86_64.manylinux_2_28_x86_64.whl.metadata (2.7 kB)
2026-05-17 20:33:50,086 - INFO - Collecting trio<1.0,>=0.31.0 (from selenium>=4.8.0->-r /root/requirements.txt (line 16))
2026-05-17 20:33:50,189 - INFO - Downloading trio-0.33.0-py3-none-any.whl.metadata (8.5 kB)
2026-05-17 20:33:50,297 - INFO - Collecting trio-websocket<1.0,>=0.12.2 (from selenium>=4.8.0->-r /root/requirements.txt (line 16))
2026-05-17 20:33:50,400 - INFO - Downloading trio_websocket-0.12.2-py3-none-any.whl.metadata (5.1 kB)
2026-05-17 20:33:50,535 - INFO - Collecting typing_extensions<5.0,>=4.15.0 (from selenium>=4.8.0->-r /root/requirements.txt (line 16))
2026-05-17 20:33:50,637 - INFO - Downloading typing_extensions-4.15.0-py3-none-any.whl.metadata (3.3 kB)
2026-05-17 20:33:50,775 - INFO - Collecting websocket-client<2.0,>=1.8.0 (from selenium>=4.8.0->-r /root/requirements.txt (line 16))
2026-05-17 20:33:50,878 - INFO - Downloading websocket_client-1.9.0-py3-none-any.whl.metadata (8.3 kB)
2026-05-17 20:33:50,992 - INFO - Collecting sortedcontainers (from trio<1.0,>=0.31.0->selenium>=4.8.0->-r /root/requirements.txt (line 16))
2026-05-17 20:33:51,095 - INFO - Downloading sortedcontainers-2.4.0-py2.py3-none-any.whl.metadata (10 kB)
2026-05-17 20:33:51,203 - INFO - Collecting outcome (from trio<1.0,>=0.31.0->selenium>=4.8.0->-r /root/requirements.txt (line 16))
2026-05-17 20:33:51,307 - INFO - Downloading outcome-1.3.0.post0-py2.py3-none-any.whl.metadata (2.6 kB)
2026-05-17 20:33:51,416 - INFO - Collecting sniffio>=1.3.0 (from trio<1.0,>=0.31.0->selenium>=4.8.0->-r /root/requirements.txt (line 16))
2026-05-17 20:33:51,519 - INFO - Downloading sniffio-1.3.1-py3-none-any.whl.metadata (3.9 kB)
2026-05-17 20:33:51,632 - INFO - Collecting wsproto>=0.14 (from trio-websocket<1.0,>=0.12.2->selenium>=4.8.0->-r /root/requirements.txt (line 16))
2026-05-17 20:33:51,735 - INFO - Downloading wsproto-1.3.2-py3-none-any.whl.metadata (5.2 kB)
2026-05-17 20:33:51,846 - INFO - Collecting pysocks!=1.5.7,<2.0,>=1.5.6 (from urllib3[socks]<3.0,>=2.6.3->selenium>=4.8.0->-r /root/requirements.txt (line 16))
2026-05-17 20:33:51,951 - INFO - Downloading PySocks-1.7.1-py3-none-any.whl.metadata (13 kB)
2026-05-17 20:33:52,074 - INFO - Collecting h11<1,>=0.16.0 (from wsproto>=0.14->trio-websocket<1.0,>=0.12.2->selenium>=4.8.0->-r /root/requirements.txt (line 16))
2026-05-17 20:33:52,177 - INFO - Downloading h11-0.16.0-py3-none-any.whl.metadata (8.3 kB)
2026-05-17 20:33:52,633 - INFO - Collecting cffi>=1.0.1 (from argon2-cffi-bindings->argon2-cffi>=19.2.0->-r /root/requirements.txt (line 3))
2026-05-17 20:33:52,736 - INFO - Downloading cffi-2.0.0-cp311-cp311-manylinux2014_x86_64.manylinux_2_17_x86_64.whl.metadata (2.6 kB)
2026-05-17 20:33:52,845 - INFO - Collecting pycparser (from cffi>=1.0.1->argon2-cffi-bindings->argon2-cffi>=19.2.0->-r /root/requirements.txt (line 3))
2026-05-17 20:33:52,948 - INFO - Downloading pycparser-3.0-py3-none-any.whl.metadata (8.2 kB)
2026-05-17 20:33:53,061 - INFO - Downloading aiosmtpd-1.4.6-py3-none-any.whl (154 kB)
2026-05-17 20:33:53,545 - INFO - Downloading asgiref-3.11.1-py3-none-any.whl (24 kB)
2026-05-17 20:33:53,658 - INFO - Downloading argon2_cffi-25.1.0-py3-none-any.whl (14 kB)
2026-05-17 20:33:53,774 - INFO - Downloading bcrypt-5.0.0-cp39-abi3-manylinux_2_34_x86_64.whl (278 kB)
2026-05-17 20:33:54,249 - INFO - Downloading black-26.5.0-cp311-cp311-manylinux2014_x86_64.manylinux_2_17_x86_64.manylinux_2_28_x86_64.whl (1.8 MB)
2026-05-17 20:33:55,160 - INFO - ━━━━━━━━━━━━━━━━━━━━━━━━━━━━━━━━━━━━━━━━ 1.8/1.8 MB 2.2 MB/s  0:00:00
2026-05-17 20:33:55,161 - INFO - 
2026-05-17 20:33:55,263 - INFO - Downloading pytokens-0.4.1-cp311-cp311-manylinux2014_x86_64.manylinux_2_17_x86_64.manylinux_2_28_x86_64.whl (260 kB)
2026-05-17 20:33:55,444 - INFO - Downloading docutils-0.22.4-py3-none-any.whl (633 kB)
2026-05-17 20:33:55,590 - INFO - ━━━━━━━━━━━━━━━━━━━━━━━━━━━━━━━━━━━━━━━━ 633.2/633.2 kB 4.9 MB/s  0:00:00
2026-05-17 20:33:55,590 - INFO - 
2026-05-17 20:33:55,693 - INFO - Downloading geoip2-5.2.0-py3-none-any.whl (28 kB)
2026-05-17 20:33:55,802 - INFO - Downloading aiohttp-3.13.5-cp311-cp311-manylinux2014_x86_64.manylinux_2_17_x86_64.manylinux_2_28_x86_64.whl (1.8 MB)
2026-05-17 20:33:56,159 - INFO - ━━━━━━━━━━━━━━━━━━━━━━━━━━━━━━━━━━━━━━━━ 1.8/1.8 MB 4.6 MB/s  0:00:00
2026-05-17 20:33:56,159 - INFO - 
2026-05-17 20:33:56,264 - INFO - Downloading maxminddb-3.1.1-cp311-cp311-manylinux2014_x86_64.manylinux_2_17_x86_64.manylinux_2_28_x86_64.whl (98 kB)
2026-05-17 20:33:56,374 - INFO - Downloading multidict-6.7.1-cp311-cp311-manylinux2014_x86_64.manylinux_2_17_x86_64.manylinux_2_28_x86_64.whl (246 kB)
2026-05-17 20:33:56,515 - INFO - Downloading requests-2.34.2-py3-none-any.whl (73 kB)
2026-05-17 20:33:56,624 - INFO - Downloading charset_normalizer-3.4.7-cp311-cp311-manylinux2014_x86_64.manylinux_2_17_x86_64.manylinux_2_28_x86_64.whl (214 kB)
2026-05-17 20:33:56,761 - INFO - Downloading idna-3.15-py3-none-any.whl (72 kB)
2026-05-17 20:33:56,870 - INFO - Downloading urllib3-2.7.0-py3-none-any.whl (131 kB)
2026-05-17 20:33:56,982 - INFO - Downloading yarl-1.23.0-cp311-cp311-manylinux2014_x86_64.manylinux_2_17_x86_64.manylinux_2_28_x86_64.whl (102 kB)
2026-05-17 20:33:57,091 - INFO - Downloading jinja2-3.1.6-py3-none-any.whl (134 kB)
2026-05-17 20:33:57,203 - INFO - Downloading numpy-2.4.5-cp311-cp311-manylinux_2_27_x86_64.manylinux_2_28_x86_64.whl (16.9 MB)
2026-05-17 20:33:58,742 - INFO - ━━━━━━━━━━━━━━━━━━━━━━━━━━━━━━━━━━━━━━━━ 16.9/16.9 MB 11.0 MB/s  0:00:01
2026-05-17 20:33:58,742 - INFO - 
2026-05-17 20:33:58,845 - INFO - Downloading pillow-12.2.0-cp311-cp311-manylinux_2_27_x86_64.manylinux_2_28_x86_64.whl (7.1 MB)
2026-05-17 20:33:59,211 - INFO - ━━━━━━━━━━━━━━━━━━━━━━━━━━━━━━━━━━━━━━━━ 7.1/7.1 MB 18.8 MB/s  0:00:00
2026-05-17 20:33:59,212 - INFO - 
2026-05-17 20:33:59,316 - INFO - Downloading pylibmc-1.6.3-cp311-cp311-manylinux_2_17_x86_64.manylinux2014_x86_64.whl (1.2 MB)
2026-05-17 20:33:59,362 - INFO - ━━━━━━━━━━━━━━━━━━━━━━━━━━━━━━━━━━━━━━━━ 1.2/1.2 MB 23.9 MB/s  0:00:00
2026-05-17 20:33:59,362 - INFO - 
2026-05-17 20:33:59,465 - INFO - Downloading pymemcache-4.0.0-py2.py3-none-any.whl (60 kB)
2026-05-17 20:33:59,575 - INFO - Downloading pyyaml-6.0.3-cp311-cp311-manylinux2014_x86_64.manylinux_2_17_x86_64.manylinux_2_28_x86_64.whl (806 kB)
2026-05-17 20:33:59,615 - INFO - ━━━━━━━━━━━━━━━━━━━━━━━━━━━━━━━━━━━━━━━━ 806.6/806.6 kB 14.7 MB/s  0:00:00
2026-05-17 20:33:59,616 - INFO - 
2026-05-17 20:33:59,718 - INFO - Downloading redis-7.4.0-py3-none-any.whl (409 kB)
2026-05-17 20:33:59,833 - INFO - Downloading selenium-4.44.0-py3-none-any.whl (9.7 MB)
2026-05-17 20:34:00,278 - INFO - ━━━━━━━━━━━━━━━━━━━━━━━━━━━━━━━━━━━━━━━━ 9.7/9.7 MB 21.3 MB/s  0:00:00
2026-05-17 20:34:00,278 - INFO - 
2026-05-17 20:34:00,381 - INFO - Downloading trio-0.33.0-py3-none-any.whl (510 kB)
2026-05-17 20:34:00,497 - INFO - Downloading trio_websocket-0.12.2-py3-none-any.whl (21 kB)
2026-05-17 20:34:00,606 - INFO - Downloading typing_extensions-4.15.0-py3-none-any.whl (44 kB)
2026-05-17 20:34:00,716 - INFO - Downloading PySocks-1.7.1-py3-none-any.whl (16 kB)
2026-05-17 20:34:00,825 - INFO - Downloading websocket_client-1.9.0-py3-none-any.whl (82 kB)
2026-05-17 20:34:00,998 - INFO - Downloading sqlparse-0.5.5-py3-none-any.whl (46 kB)
2026-05-17 20:34:01,110 - INFO - Downloading tblib-3.2.2-py3-none-any.whl (12 kB)
2026-05-17 20:34:01,224 - INFO - Downloading tzdata-2026.2-py2.py3-none-any.whl (349 kB)
2026-05-17 20:34:01,340 - INFO - Downloading aiohappyeyeballs-2.6.1-py3-none-any.whl (15 kB)
2026-05-17 20:34:01,449 - INFO - Downloading aiosignal-1.4.0-py3-none-any.whl (7.5 kB)
2026-05-17 20:34:01,558 - INFO - Downloading attrs-26.1.0-py3-none-any.whl (67 kB)
2026-05-17 20:34:01,668 - INFO - Downloading certifi-2026.4.22-py3-none-any.whl (135 kB)
2026-05-17 20:34:01,779 - INFO - Downloading click-8.4.0-py3-none-any.whl (116 kB)
2026-05-17 20:34:01,890 - INFO - Downloading frozenlist-1.8.0-cp311-cp311-manylinux1_x86_64.manylinux_2_28_x86_64.manylinux_2_5_x86_64.whl (231 kB)
2026-05-17 20:34:02,004 - INFO - Downloading markupsafe-3.0.3-cp311-cp311-manylinux2014_x86_64.manylinux_2_17_x86_64.manylinux_2_28_x86_64.whl (22 kB)
2026-05-17 20:34:02,115 - INFO - Downloading mypy_extensions-1.1.0-py3-none-any.whl (5.0 kB)
2026-05-17 20:34:02,228 - INFO - Downloading outcome-1.3.0.post0-py2.py3-none-any.whl (10 kB)
2026-05-17 20:34:02,339 - INFO - Downloading pathspec-1.1.1-py3-none-any.whl (57 kB)
2026-05-17 20:34:02,450 - INFO - Downloading platformdirs-4.9.6-py3-none-any.whl (21 kB)
2026-05-17 20:34:02,564 - INFO - Downloading propcache-0.5.2-cp311-cp311-manylinux2014_x86_64.manylinux_2_17_x86_64.manylinux_2_28_x86_64.whl (58 kB)
2026-05-17 20:34:02,674 - INFO - Downloading sniffio-1.3.1-py3-none-any.whl (10 kB)
2026-05-17 20:34:02,787 - INFO - Downloading wsproto-1.3.2-py3-none-any.whl (24 kB)
2026-05-17 20:34:02,898 - INFO - Downloading h11-0.16.0-py3-none-any.whl (37 kB)
2026-05-17 20:34:03,008 - INFO - Downloading argon2_cffi_bindings-25.1.0-cp39-abi3-manylinux_2_26_x86_64.manylinux_2_28_x86_64.whl (87 kB)
2026-05-17 20:34:03,118 - INFO - Downloading cffi-2.0.0-cp311-cp311-manylinux2014_x86_64.manylinux_2_17_x86_64.whl (215 kB)
2026-05-17 20:34:03,229 - INFO - Downloading atpublic-7.0.0-py3-none-any.whl (6.4 kB)
2026-05-17 20:34:03,339 - INFO - Downloading pycparser-3.0-py3-none-any.whl (48 kB)
2026-05-17 20:34:03,448 - INFO - Downloading sortedcontainers-2.4.0-py2.py3-none-any.whl (29 kB)
2026-05-17 20:34:03,625 - INFO - Building wheels for collected packages: pywatchman
2026-05-17 20:34:03,626 - INFO - Building wheel for pywatchman (pyproject.toml): started
2026-05-17 20:34:04,230 - INFO - Building wheel for pywatchman (pyproject.toml): finished with status 'done'
2026-05-17 20:34:04,231 - INFO - Created wheel for pywatchman: filename=pywatchman-3.0.0-cp311-cp311-linux_x86_64.whl size=54002 sha256=d17a65e88b899a3c21a5f9d7d21f1ce50e667a5d611c29477f85419b0c09022b
2026-05-17 20:34:04,231 - INFO - Stored in directory: /root/.cache/pip/wheels/86/8a/92/657260a170542502f8e2ddb7a20dee08478b6482867fda0df1
2026-05-17 20:34:04,233 - INFO - Successfully built pywatchman
2026-05-17 20:34:04,326 - INFO - Installing collected packages: sortedcontainers, websocket-client, urllib3, tzdata, typing_extensions, tblib, sqlparse, sniffio, redis, PyYAML, pywatchman, pytokens, pysocks, pymemcache, pylibmc, pycparser, propcache, platformdirs, Pillow, pathspec, numpy, mypy-extensions, multidict, maxminddb, MarkupSafe, idna, h11, frozenlist, docutils, click, charset_normalizer, certifi, bcrypt, attrs, atpublic, asgiref, aiohappyeyeballs, yarl, wsproto, requests, outcome, jinja2, cffi, black, aiosmtpd, aiosignal, trio, argon2-cffi-bindings, aiohttp, trio-websocket, geoip2, argon2-cffi, selenium
2026-05-17 20:34:09,947 - INFO - 
2026-05-17 20:34:09,950 - INFO - Successfully installed MarkupSafe-3.0.3 Pillow-12.2.0 PyYAML-6.0.3 aiohappyeyeballs-2.6.1 aiohttp-3.13.5 aiosignal-1.4.0 aiosmtpd-1.4.6 argon2-cffi-25.1.0 argon2-cffi-bindings-25.1.0 asgiref-3.11.1 atpublic-7.0.0 attrs-26.1.0 bcrypt-5.0.0 black-26.5.0 certifi-2026.4.22 cffi-2.0.0 charset_normalizer-3.4.7 click-8.4.0 docutils-0.22.4 frozenlist-1.8.0 geoip2-5.2.0 h11-0.16.0 idna-3.15 jinja2-3.1.6 maxminddb-3.1.1 multidict-6.7.1 mypy-extensions-1.1.0 numpy-2.4.5 outcome-1.3.0.post0 pathspec-1.1.1 platformdirs-4.9.6 propcache-0.5.2 pycparser-3.0 pylibmc-1.6.3 pymemcache-4.0.0 pysocks-1.7.1 pytokens-0.4.1 pywatchman-3.0.0 redis-7.4.0 requests-2.34.2 selenium-4.44.0 sniffio-1.3.1 sortedcontainers-2.4.0 sqlparse-0.5.5 tblib-3.2.2 trio-0.33.0 trio-websocket-0.12.2 typing_extensions-4.15.0 tzdata-2026.2 urllib3-2.7.0 websocket-client-1.9.0 wsproto-1.3.2 yarl-1.23.0
2026-05-17 20:34:09,950 - INFO - WARNING: Running pip as the 'root' user can result in broken permissions and conflicting behaviour with the system package manager, possibly rendering your system unusable. It is recommended to use a virtual environment instead: https://pip.pypa.io/warnings/venv. Use the --root-user-action option if you know what you are doing and want to suppress this warning.
2026-05-17 20:34:10,929 - INFO - + rm /root/requirements.txt
2026-05-17 20:34:10,930 - INFO - + conda activate testbed
+ local cmd=activate
+ case "$cmd" in
2026-05-17 20:34:10,930 - INFO - + __conda_activate activate testbed
2026-05-17 20:34:10,930 - INFO - + '[' -n '' ']'
+ local ask_conda
2026-05-17 20:34:10,930 - INFO - ++ PS1='(testbed) '
++ __conda_exe shell.posix activate testbed
2026-05-17 20:34:10,931 - INFO - ++ /opt/miniconda3/bin/conda shell.posix activate testbed
2026-05-17 20:34:11,041 - INFO - + ask_conda='PS1='\''(testbed) '\''
export PATH='\''/opt/miniconda3/envs/testbed/bin:/opt/miniconda3/condabin:/opt/miniconda3/bin:/usr/local/sbin:/usr/local/bin:/usr/sbin:/usr/bin:/sbin:/bin'\''
export CONDA_SHLVL='\''2'\''
export CONDA_PROMPT_MODIFIER='\''(testbed) '\'''
+ eval 'PS1='\''(testbed) '\''
export PATH='\''/opt/miniconda3/envs/testbed/bin:/opt/miniconda3/condabin:/opt/miniconda3/bin:/usr/local/sbin:/usr/local/bin:/usr/sbin:/usr/bin:/sbin:/bin'\''
export CONDA_SHLVL='\''2'\''
export CONDA_PROMPT_MODIFIER='\''(testbed) '\'''
++ PS1='(testbed) '
++ export PATH=/opt/miniconda3/envs/testbed/bin:/opt/miniconda3/condabin:/opt/miniconda3/bin:/usr/local/sbin:/usr/local/bin:/usr/sbin:/usr/bin:/sbin:/bin
++ PATH=/opt/miniconda3/envs/testbed/bin:/opt/miniconda3/condabin:/opt/miniconda3/bin:/usr/local/sbin:/usr/local/bin:/usr/sbin:/usr/bin:/sbin:/bin
++ export CONDA_SHLVL=2
++ CONDA_SHLVL=2
++ export 'CONDA_PROMPT_MODIFIER=(testbed) '
2026-05-17 20:34:11,041 - INFO - ++ CONDA_PROMPT_MODIFIER='(testbed) '
+ __conda_hashr
2026-05-17 20:34:11,041 - INFO - + '[' -n '' ']'
+ '[' -n '' ']'
+ hash -r
2026-05-17 20:34:23,948 - INFO - ---> Removed intermediate container 4f921e22f898
2026-05-17 20:34:23,949 - INFO - ---> e28c73b3a235
2026-05-17 20:34:23,949 - INFO - Step 6/7 : WORKDIR /testbed/
2026-05-17 20:34:23,949 - INFO - 
2026-05-17 20:34:23,985 - INFO - ---> Running in 87a0d1a85bf3
2026-05-17 20:34:24,024 - INFO - ---> Removed intermediate container 87a0d1a85bf3
2026-05-17 20:34:24,024 - INFO - ---> ca5be1cbe340
2026-05-17 20:34:24,024 - INFO - Step 7/7 : RUN echo "source /opt/miniconda3/etc/profile.d/conda.sh && conda activate testbed" > /root/.bashrc
2026-05-17 20:34:24,024 - INFO - 
2026-05-17 20:34:24,047 - INFO - ---> Running in 71f1073edb85
2026-05-17 20:34:24,387 - INFO - ---> Removed intermediate container 71f1073edb85
2026-05-17 20:34:24,387 - INFO - ---> 4e68507fd753
2026-05-17 20:34:24,388 - INFO - Successfully built 4e68507fd753
2026-05-17 20:34:24,393 - INFO - Successfully tagged sweb.env.py.x86_64.c70909fdac4897d1c685df:latest
2026-05-17 20:34:24,393 - INFO - Image built successfully!
