2026-05-17 20:29:39,547 - INFO - Building image sweb.env.py.x86_64.a18371b03f944585b4f08c:latest
Using dockerfile:
FROM --platform=linux/x86_64 sweb.base.py.x86_64:latest

COPY ./setup_env.sh /root/
RUN sed -i -e 's/\r$//' /root/setup_env.sh
RUN chmod +x /root/setup_env.sh
RUN /bin/bash -c "source ~/.bashrc && /root/setup_env.sh"

WORKDIR /testbed/

# Automatically activate the testbed environment
RUN echo "source /opt/miniconda3/etc/profile.d/conda.sh && conda activate testbed" > /root/.bashrc

Adding (1) setup scripts to image build repo
2026-05-17 20:29:39,547 - INFO - [SETUP SCRIPT] setup_env.sh:
#!/bin/bash
set -euxo pipefail
source /opt/miniconda3/bin/activate
conda create -n testbed python=3.6 -y
cat <<'EOF_59812759871' > $HOME/requirements.txt
asgiref >= 3.2
argon2-cffi >= 16.1.0
bcrypt
docutils
geoip2
jinja2 >= 2.9.2
numpy
Pillow >= 6.2.0
pylibmc; sys.platform != 'win32'
python-memcached >= 1.59
pytz
pywatchman; sys.platform != 'win32'
PyYAML
selenium
sqlparse >= 0.2.2
tblib >= 1.5.0

EOF_59812759871
conda activate testbed && python -m pip install -r $HOME/requirements.txt
rm $HOME/requirements.txt
conda activate testbed

2026-05-17 20:29:39,548 - INFO - Building docker image sweb.env.py.x86_64.a18371b03f944585b4f08c:latest in logs/build_images/env/sweb.env.py.x86_64.a18371b03f944585b4f08c__latest with platform linux/x86_64
2026-05-17 20:29:39,557 - INFO - Step 1/7 : FROM --platform=linux/x86_64 sweb.base.py.x86_64:latest
2026-05-17 20:29:39,558 - INFO - 
2026-05-17 20:29:39,558 - INFO - ---> 3e35a5c50619
2026-05-17 20:29:39,558 - INFO - Step 2/7 : COPY ./setup_env.sh /root/
2026-05-17 20:29:39,558 - INFO - 
2026-05-17 20:29:39,604 - INFO - ---> 423f41a2e4c9
2026-05-17 20:29:39,604 - INFO - Step 3/7 : RUN sed -i -e 's/\r$//' /root/setup_env.sh
2026-05-17 20:29:39,604 - INFO - 
2026-05-17 20:29:39,632 - INFO - ---> Running in d1d09d78afa5
2026-05-17 20:29:40,013 - INFO - ---> Removed intermediate container d1d09d78afa5
2026-05-17 20:29:40,013 - INFO - ---> 1d049df3c7da
2026-05-17 20:29:40,013 - INFO - Step 4/7 : RUN chmod +x /root/setup_env.sh
2026-05-17 20:29:40,013 - INFO - 
2026-05-17 20:29:40,034 - INFO - ---> Running in b89b8e457284
2026-05-17 20:29:40,351 - INFO - ---> Removed intermediate container b89b8e457284
2026-05-17 20:29:40,351 - INFO - ---> 753c201e43e5
2026-05-17 20:29:40,351 - INFO - Step 5/7 : RUN /bin/bash -c "source ~/.bashrc && /root/setup_env.sh"
2026-05-17 20:29:40,351 - INFO - 
2026-05-17 20:29:40,374 - INFO - ---> Running in 3dbf579307ef
2026-05-17 20:29:40,568 - INFO - + source /opt/miniconda3/bin/activate
++ _CONDA_ROOT=/opt/miniconda3
++ . /opt/miniconda3/etc/profile.d/conda.sh
2026-05-17 20:29:40,568 - INFO - +++ export CONDA_EXE=/opt/miniconda3/bin/conda
+++ CONDA_EXE=/opt/miniconda3/bin/conda
+++ export _CE_M=
+++ _CE_M=
2026-05-17 20:29:40,568 - INFO - +++ export _CE_CONDA=
+++ _CE_CONDA=
+++ export CONDA_PYTHON_EXE=/opt/miniconda3/bin/python
+++ CONDA_PYTHON_EXE=/opt/miniconda3/bin/python
2026-05-17 20:29:40,568 - INFO - +++ '[' -z '' ']'
+++ export CONDA_SHLVL=0
+++ CONDA_SHLVL=0
+++ '[' -n '' ']'
2026-05-17 20:29:40,569 - INFO - +++++ dirname /opt/miniconda3/bin/conda
2026-05-17 20:29:40,570 - INFO - ++++ dirname /opt/miniconda3/bin
2026-05-17 20:29:40,571 - INFO - +++ PATH=/opt/miniconda3/condabin:/opt/miniconda3/bin:/usr/local/sbin:/usr/local/bin:/usr/sbin:/usr/bin:/sbin:/bin
+++ export PATH
+++ '[' -z '' ']'
+++ PS1=
2026-05-17 20:29:40,571 - INFO - ++ conda activate
++ local cmd=activate
++ case "$cmd" in
2026-05-17 20:29:40,571 - INFO - ++ __conda_activate activate
++ '[' -n '' ']'
++ local ask_conda
2026-05-17 20:29:40,571 - INFO - +++ PS1=
+++ __conda_exe shell.posix activate
2026-05-17 20:29:40,572 - INFO - +++ /opt/miniconda3/bin/conda shell.posix activate
2026-05-17 20:29:40,683 - INFO - ++ ask_conda='PS1='\''(base) '\''
export PATH='\''/opt/miniconda3/bin:/opt/miniconda3/condabin:/opt/miniconda3/bin:/usr/local/sbin:/usr/local/bin:/usr/sbin:/usr/bin:/sbin:/bin'\''
export CONDA_PREFIX='\''/opt/miniconda3'\''
export CONDA_SHLVL='\''1'\''
export CONDA_DEFAULT_ENV='\''base'\''
export CONDA_PROMPT_MODIFIER='\''(base) '\''
export CONDA_EXE='\''/opt/miniconda3/bin/conda'\''
export _CE_M='\'''\''
export _CE_CONDA='\'''\''
export CONDA_PYTHON_EXE='\''/opt/miniconda3/bin/python'\'''
++ eval 'PS1='\''(base) '\''
export PATH='\''/opt/miniconda3/bin:/opt/miniconda3/condabin:/opt/miniconda3/bin:/usr/local/sbin:/usr/local/bin:/usr/sbin:/usr/bin:/sbin:/bin'\''
export CONDA_PREFIX='\''/opt/miniconda3'\''
export CONDA_SHLVL='\''1'\''
export CONDA_DEFAULT_ENV='\''base'\''
export CONDA_PROMPT_MODIFIER='\''(base) '\''
export CONDA_EXE='\''/opt/miniconda3/bin/conda'\''
export _CE_M='\'''\''
export _CE_CONDA='\'''\''
export CONDA_PYTHON_EXE='\''/opt/miniconda3/bin/python'\'''
+++ PS1='(base) '
2026-05-17 20:29:40,683 - INFO - +++ export PATH=/opt/miniconda3/bin:/opt/miniconda3/condabin:/opt/miniconda3/bin:/usr/local/sbin:/usr/local/bin:/usr/sbin:/usr/bin:/sbin:/bin
+++ PATH=/opt/miniconda3/bin:/opt/miniconda3/condabin:/opt/miniconda3/bin:/usr/local/sbin:/usr/local/bin:/usr/sbin:/usr/bin:/sbin:/bin
+++ export CONDA_PREFIX=/opt/miniconda3
+++ CONDA_PREFIX=/opt/miniconda3
2026-05-17 20:29:40,683 - INFO - +++ export CONDA_SHLVL=1
+++ CONDA_SHLVL=1
+++ export CONDA_DEFAULT_ENV=base
+++ CONDA_DEFAULT_ENV=base
+++ export 'CONDA_PROMPT_MODIFIER=(base) '
+++ CONDA_PROMPT_MODIFIER='(base) '
2026-05-17 20:29:40,683 - INFO - +++ export CONDA_EXE=/opt/miniconda3/bin/conda
+++ CONDA_EXE=/opt/miniconda3/bin/conda
2026-05-17 20:29:40,683 - INFO - +++ export _CE_M=
+++ _CE_M=
+++ export _CE_CONDA=
2026-05-17 20:29:40,683 - INFO - +++ _CE_CONDA=
2026-05-17 20:29:40,683 - INFO - +++ export CONDA_PYTHON_EXE=/opt/miniconda3/bin/python
+++ CONDA_PYTHON_EXE=/opt/miniconda3/bin/python
++ __conda_hashr
2026-05-17 20:29:40,683 - INFO - ++ '[' -n '' ']'
++ '[' -n '' ']'
++ hash -r
2026-05-17 20:29:40,683 - INFO - + conda create -n testbed python=3.6 -y
+ local cmd=create
+ case "$cmd" in
2026-05-17 20:29:40,683 - INFO - + __conda_exe create -n testbed python=3.6 -y
2026-05-17 20:29:40,684 - INFO - + /opt/miniconda3/bin/conda create -n testbed python=3.6 -y
2026-05-17 20:29:41,229 - INFO - Channels:
 - defaults
 - conda-forge
Platform: linux-64
Collecting package metadata (repodata.json): ...working...
2026-05-17 20:30:50,565 - INFO - done
Solving environment: ...working...
2026-05-17 20:30:52,775 - INFO - done
2026-05-17 20:31:01,232 - INFO - ## Package Plan ##

  environment location: /opt/miniconda3/envs/testbed

  added / updated specs:
    - python=3.6


The following packages will be downloaded:

    package                    |            build
    ---------------------------|-----------------
    ca-certificates-2026.3.19  |       h06a4308_0         126 KB
    certifi-2021.5.30          |   py36h06a4308_0         139 KB
    ld_impl_linux-64-2.44      |       h9e0c5a2_3         725 KB
    libffi-3.3                 |       he6710b0_2          50 KB
    libgcc-15.2.0              |       h69a1729_7         806 KB
    libgcc-ng-15.2.0           |       h166f726_7          28 KB
    libgomp-15.2.0             |       h4751f2c_7         436 KB
    libstdcxx-15.2.0           |       h39759b7_7         3.7 MB
    libstdcxx-ng-15.2.0        |       hc03a8fd_7          28 KB
    libxcb-1.17.0              |       h9b100fa_0         430 KB
    libzlib-1.3.1              |       h47b2149_1          59 KB
    ncurses-6.5                |       h7934f7d_0         1.1 MB
    openssl-1.1.1w             |       h7f8727e_0         3.7 MB
    pip-21.2.2                 |   py36h06a4308_0         1.8 MB
    pthread-stubs-0.3          |       h0ce48e5_1           5 KB
    python-3.6.13              |       h12debd9_1        32.5 MB
    readline-8.3               |       hc2a1206_0         471 KB
    setuptools-58.0.4          |   py36h06a4308_0         788 KB
    sqlite-3.51.2              |       h3e8d24a_0         1.2 MB
    tk-8.6.15                  |       h54e0aa7_0         3.4 MB
    wheel-0.37.1               |     pyhd3eb1b0_0          33 KB
    xorg-libx11-1.8.12         |       h9b100fa_1         895 KB
    xorg-libxau-1.0.12         |       h9b100fa_0          13 KB
    xorg-libxdmcp-1.1.5        |       h9b100fa_0          19 KB
    xorg-xorgproto-2024.1      |       h5eee18b_1         580 KB
    xz-5.8.2                   |       h448239c_0         621 KB
    zlib-1.3.1                 |       h47b2149_1          89 KB
    ------------------------------------------------------------
                                           Total:        53.7 MB

The following NEW packages will be INSTALLED:

  _libgcc_mutex      pkgs/main/linux-64::_libgcc_mutex-0.1-main 
  _openmp_mutex      pkgs/main/linux-64::_openmp_mutex-5.1-1_gnu 
  ca-certificates    pkgs/main/linux-<REDACTED_IP>-certificates-2026.3.19-h06a4308_0 
  certifi            pkgs/main/linux-64::certifi-2021.5.30-py36h06a4308_0 
  ld_impl_linux-64   pkgs/main/linux-64::ld_impl_linux-64-2.44-h9e0c5a2_3 
  libffi             pkgs/main/linux-64::libffi-3.3-he6710b0_2 
  libgcc             pkgs/main/linux-64::libgcc-15.2.0-h69a1729_7 
  libgcc-ng          pkgs/main/linux-64::libgcc-ng-15.2.0-h166f726_7 
  libgomp            pkgs/main/linux-64::libgomp-15.2.0-h4751f2c_7 
  libstdcxx          pkgs/main/linux-64::libstdcxx-15.2.0-h39759b7_7 
  libstdcxx-ng       pkgs/main/linux-64::libstdcxx-ng-15.2.0-hc03a8fd_7 
  libxcb             pkgs/main/linux-64::libxcb-1.17.0-h9b100fa_0 
  libzlib            pkgs/main/linux-64::libzlib-1.3.1-h47b2149_1 
  ncurses            pkgs/main/linux-64::ncurses-6.5-h7934f7d_0 
  openssl            pkgs/main/linux-64::openssl-1.1.1w-h7f8727e_0 
  pip                pkgs/main/linux-64::pip-21.2.2-py36h06a4308_0 
  pthread-stubs      pkgs/main/linux-64::pthread-stubs-0.3-h0ce48e5_1 
  python             pkgs/main/linux-64::python-3.6.13-h12debd9_1 
  readline           pkgs/main/linux-64::readline-8.3-hc2a1206_0 
  setuptools         pkgs/main/linux-64::setuptools-58.0.4-py36h06a4308_0 
  sqlite             pkgs/main/linux-64::sqlite-3.51.2-h3e8d24a_0 
  tk                 pkgs/main/linux-64::tk-8.6.15-h54e0aa7_0 
  wheel              pkgs/main/noarch::wheel-0.37.1-pyhd3eb1b0_0 
  xorg-libx11        pkgs/main/linux-64::xorg-libx11-1.8.12-h9b100fa_1 
  xorg-libxau        pkgs/main/linux-64::xorg-libxau-1.0.12-h9b100fa_0 
  xorg-libxdmcp      pkgs/main/linux-64::xorg-libxdmcp-1.1.5-h9b100fa_0 
  xorg-xorgproto     pkgs/main/linux-64::xorg-xorgproto-2024.1-h5eee18b_1 
  xz                 pkgs/main/linux-64::xz-5.8.2-h448239c_0 
  zlib               pkgs/main/linux-64::zlib-1.3.1-h47b2149_1 



Downloading and Extracting Packages: ...working... done
Preparing transaction: ...working...
2026-05-17 20:31:01,430 - INFO - done
Verifying transaction: ...working...
2026-05-17 20:31:02,349 - INFO - done
2026-05-17 20:31:02,350 - INFO - Executing transaction: ...working...
2026-05-17 20:31:03,324 - INFO - done
2026-05-17 20:31:03,345 - INFO - #
# To activate this environment, use
#
#     $ conda activate testbed
#
# To deactivate an active environment, use
#
#     $ conda deactivate
2026-05-17 20:31:03,427 - INFO - + cat
2026-05-17 20:31:03,430 - INFO - + conda activate testbed
+ local cmd=activate
+ case "$cmd" in
+ __conda_activate activate testbed
2026-05-17 20:31:03,430 - INFO - + '[' -n '' ']'
+ local ask_conda
2026-05-17 20:31:03,430 - INFO - ++ PS1='(base) '
++ __conda_exe shell.posix activate testbed
2026-05-17 20:31:03,430 - INFO - ++ /opt/miniconda3/bin/conda shell.posix activate testbed
2026-05-17 20:31:03,542 - INFO - + ask_conda='PS1='\''(testbed) '\''
export PATH='\''/opt/miniconda3/envs/testbed/bin:/opt/miniconda3/condabin:/opt/miniconda3/bin:/usr/local/sbin:/usr/local/bin:/usr/sbin:/usr/bin:/sbin:/bin'\''
export CONDA_PREFIX='\''/opt/miniconda3/envs/testbed'\''
export CONDA_SHLVL='\''2'\''
export CONDA_DEFAULT_ENV='\''testbed'\''
export CONDA_PROMPT_MODIFIER='\''(testbed) '\''
export CONDA_PREFIX_1='\''/opt/miniconda3'\''
export CONDA_EXE='\''/opt/miniconda3/bin/conda'\''
export _CE_M='\'''\''
export _CE_CONDA='\'''\''
export CONDA_PYTHON_EXE='\''/opt/miniconda3/bin/python'\'''
+ eval 'PS1='\''(testbed) '\''
export PATH='\''/opt/miniconda3/envs/testbed/bin:/opt/miniconda3/condabin:/opt/miniconda3/bin:/usr/local/sbin:/usr/local/bin:/usr/sbin:/usr/bin:/sbin:/bin'\''
export CONDA_PREFIX='\''/opt/miniconda3/envs/testbed'\''
export CONDA_SHLVL='\''2'\''
export CONDA_DEFAULT_ENV='\''testbed'\''
export CONDA_PROMPT_MODIFIER='\''(testbed) '\''
export CONDA_PREFIX_1='\''/opt/miniconda3'\''
export CONDA_EXE='\''/opt/miniconda3/bin/conda'\''
export _CE_M='\'''\''
export _CE_CONDA='\'''\''
export CONDA_PYTHON_EXE='\''/opt/miniconda3/bin/python'\'''
++ PS1='(testbed) '
++ export PATH=/opt/miniconda3/envs/testbed/bin:/opt/miniconda3/condabin:/opt/miniconda3/bin:/usr/local/sbin:/usr/local/bin:/usr/sbin:/usr/bin:/sbin:/bin
++ PATH=/opt/miniconda3/envs/testbed/bin:/opt/miniconda3/condabin:/opt/miniconda3/bin:/usr/local/sbin:/usr/local/bin:/usr/sbin:/usr/bin:/sbin:/bin
2026-05-17 20:31:03,542 - INFO - ++ export CONDA_PREFIX=/opt/miniconda3/envs/testbed
++ CONDA_PREFIX=/opt/miniconda3/envs/testbed
++ export CONDA_SHLVL=2
++ CONDA_SHLVL=2
++ export CONDA_DEFAULT_ENV=testbed
++ CONDA_DEFAULT_ENV=testbed
++ export 'CONDA_PROMPT_MODIFIER=(testbed) '
++ CONDA_PROMPT_MODIFIER='(testbed) '
++ export CONDA_PREFIX_1=/opt/miniconda3
++ CONDA_PREFIX_1=/opt/miniconda3
++ export CONDA_EXE=/opt/miniconda3/bin/conda
++ CONDA_EXE=/opt/miniconda3/bin/conda
++ export _CE_M=
++ _CE_M=
2026-05-17 20:31:03,542 - INFO - ++ export _CE_CONDA=
++ _CE_CONDA=
++ export CONDA_PYTHON_EXE=/opt/miniconda3/bin/python
++ CONDA_PYTHON_EXE=/opt/miniconda3/bin/python
2026-05-17 20:31:03,542 - INFO - + __conda_hashr
+ '[' -n '' ']'
+ '[' -n '' ']'
2026-05-17 20:31:03,542 - INFO - + hash -r
2026-05-17 20:31:03,542 - INFO - + python -m pip install -r /root/requirements.txt
2026-05-17 20:31:04,367 - INFO - Collecting asgiref>=3.2
2026-05-17 20:31:04,666 - INFO - Downloading asgiref-3.4.1-py3-none-any.whl (25 kB)
2026-05-17 20:31:04,963 - INFO - Collecting argon2-cffi>=16.1.0
2026-05-17 20:31:05,057 - INFO - Downloading argon2_cffi-21.3.0-py3-none-any.whl (14 kB)
2026-05-17 20:31:05,566 - INFO - Collecting bcrypt
2026-05-17 20:31:05,663 - INFO - Downloading bcrypt-4.0.1-cp36-abi3-manylinux_2_28_x86_64.whl (593 kB)
2026-05-17 20:31:06,759 - INFO - Collecting docutils
2026-05-17 20:31:06,861 - INFO - Downloading docutils-0.18.1-py2.py3-none-any.whl (570 kB)
2026-05-17 20:31:07,255 - INFO - Collecting geoip2
2026-05-17 20:31:07,349 - INFO - Downloading geoip2-4.6.0-py2.py3-none-any.whl (26 kB)
2026-05-17 20:31:07,484 - INFO - Collecting jinja2>=2.9.2
2026-05-17 20:31:07,578 - INFO - Downloading Jinja2-3.0.3-py3-none-any.whl (133 kB)
2026-05-17 20:31:09,491 - INFO - Collecting numpy
2026-05-17 20:31:09,588 - INFO - Downloading numpy-1.19.5-cp36-cp36m-manylinux2010_x86_64.whl (14.8 MB)
2026-05-17 20:31:13,595 - INFO - Collecting Pillow>=6.2.0
2026-05-17 20:31:13,692 - INFO - Downloading Pillow-8.4.0-cp36-cp36m-manylinux_2_17_x86_64.manylinux2014_x86_64.whl (3.1 MB)
2026-05-17 20:31:14,701 - INFO - Collecting pylibmc
2026-05-17 20:31:14,795 - INFO - Downloading pylibmc-1.6.3-cp36-cp36m-manylinux_2_17_x86_64.manylinux2014_x86_64.whl (1.2 MB)
2026-05-17 20:31:15,124 - INFO - Collecting python-memcached>=1.59
2026-05-17 20:31:15,218 - INFO - Downloading python_memcached-1.62-py2.py3-none-any.whl (15 kB)
2026-05-17 20:31:15,600 - INFO - Collecting pytz
2026-05-17 20:31:15,697 - INFO - Downloading pytz-2026.2-py2.py3-none-any.whl (510 kB)
2026-05-17 20:31:16,060 - INFO - Collecting pywatchman
2026-05-17 20:31:16,156 - INFO - Downloading pywatchman-1.4.1.tar.gz (29 kB)
2026-05-17 20:31:16,791 - INFO - Collecting PyYAML
2026-05-17 20:31:16,887 - INFO - Downloading PyYAML-6.0.1-cp36-cp36m-manylinux_2_17_x86_64.manylinux2014_x86_64.whl (677 kB)
2026-05-17 20:31:17,512 - INFO - Collecting selenium
2026-05-17 20:31:17,609 - INFO - Downloading selenium-3.141.0-py2.py3-none-any.whl (904 kB)
2026-05-17 20:31:18,008 - INFO - Collecting sqlparse>=0.2.2
2026-05-17 20:31:18,102 - INFO - Downloading sqlparse-0.4.4-py3-none-any.whl (41 kB)
2026-05-17 20:31:18,221 - INFO - Collecting tblib>=1.5.0
2026-05-17 20:31:18,316 - INFO - Downloading tblib-1.7.0-py2.py3-none-any.whl (12 kB)
2026-05-17 20:31:18,522 - INFO - Collecting typing-extensions
2026-05-17 20:31:18,617 - INFO - Downloading typing_extensions-4.1.1-py3-none-any.whl (26 kB)
2026-05-17 20:31:18,763 - INFO - Collecting argon2-cffi-bindings
2026-05-17 20:31:18,919 - INFO - Downloading argon2_cffi_bindings-21.2.0-cp36-abi3-manylinux_2_17_x86_64.manylinux2014_x86_64.whl (86 kB)
2026-05-17 20:31:19,122 - INFO - Collecting dataclasses
2026-05-17 20:31:19,220 - INFO - Downloading dataclasses-0.8-py3-none-any.whl (19 kB)
2026-05-17 20:31:19,824 - INFO - Collecting maxminddb<3.0.0,>=2.2.0
2026-05-17 20:31:19,921 - INFO - Downloading maxminddb-2.2.0.tar.gz (330 kB)
2026-05-17 20:31:24,957 - INFO - Collecting aiohttp<4.0.0,>=3.6.2
2026-05-17 20:31:25,089 - INFO - Downloading aiohttp-3.8.6-cp36-cp36m-manylinux_2_17_x86_64.manylinux2014_x86_64.whl (985 kB)
2026-05-17 20:31:25,890 - INFO - Collecting urllib3<2.0.0,>=1.25.2
2026-05-17 20:31:25,985 - INFO - Downloading urllib3-1.26.20-py2.py3-none-any.whl (144 kB)
2026-05-17 20:31:26,289 - INFO - Collecting requests<3.0.0,>=2.24.0
2026-05-17 20:31:26,384 - INFO - Downloading requests-2.27.1-py2.py3-none-any.whl (63 kB)
2026-05-17 20:31:27,073 - INFO - Collecting MarkupSafe>=2.0
2026-05-17 20:31:27,168 - INFO - Downloading MarkupSafe-2.0.1-cp36-cp36m-manylinux_2_5_x86_64.manylinux1_x86_64.manylinux_2_12_x86_64.manylinux2010_x86_64.whl (30 kB)
2026-05-17 20:31:27,406 - INFO - Collecting attrs>=17.3.0
2026-05-17 20:31:27,500 - INFO - Downloading attrs-22.2.0-py3-none-any.whl (60 kB)
2026-05-17 20:31:28,340 - INFO - Collecting frozenlist>=1.1.1
2026-05-17 20:31:28,437 - INFO - Downloading frozenlist-1.2.0-cp36-cp36m-manylinux_2_5_x86_64.manylinux1_x86_64.manylinux_2_12_x86_64.manylinux2010_x86_64.whl (191 kB)
2026-05-17 20:31:30,975 - INFO - Collecting multidict<7.0,>=4.5
2026-05-17 20:31:31,072 - INFO - Downloading multidict-5.2.0-cp36-cp36m-manylinux_2_5_x86_64.manylinux1_x86_64.manylinux_2_12_x86_64.manylinux2010_x86_64.whl (159 kB)
2026-05-17 20:31:31,443 - INFO - Collecting asynctest==0.13.0
2026-05-17 20:31:31,540 - INFO - Downloading asynctest-0.13.0-py3-none-any.whl (26 kB)
2026-05-17 20:31:31,653 - INFO - Collecting aiosignal>=1.1.2
2026-05-17 20:31:31,749 - INFO - Downloading aiosignal-1.2.0-py3-none-any.whl (8.2 kB)
2026-05-17 20:31:31,856 - INFO - Collecting idna-ssl>=1.0
2026-05-17 20:31:31,969 - INFO - Downloading idna-ssl-1.1.0.tar.gz (3.4 kB)
2026-05-17 20:31:33,517 - INFO - Collecting charset-normalizer<4.0,>=2.0
2026-05-17 20:31:33,614 - INFO - Downloading charset_normalizer-3.0.1-cp36-cp36m-manylinux_2_17_x86_64.manylinux2014_x86_64.whl (162 kB)
2026-05-17 20:31:36,291 - INFO - Collecting yarl<2.0,>=1.0
2026-05-17 20:31:36,389 - INFO - Downloading yarl-1.7.2-cp36-cp36m-manylinux_2_5_x86_64.manylinux1_x86_64.manylinux_2_12_x86_64.manylinux2010_x86_64.whl (270 kB)
2026-05-17 20:31:36,824 - INFO - Collecting async-timeout<5.0,>=4.0.0a3
2026-05-17 20:31:36,919 - INFO - Downloading async_timeout-4.0.2-py3-none-any.whl (5.8 kB)
2026-05-17 20:31:37,107 - INFO - Collecting idna>=2.0
2026-05-17 20:31:37,202 - INFO - Downloading idna-3.10-py3-none-any.whl (70 kB)
2026-05-17 20:31:37,302 - INFO - Requirement already satisfied: certifi>=2017.4.17 in /opt/miniconda3/envs/testbed/lib/python3.6/site-packages (from requests<3.0.0,>=2.24.0->geoip2->-r /root/requirements.txt (line 5)) (2021.5.30)
2026-05-17 20:31:37,330 - INFO - Collecting charset-normalizer<4.0,>=2.0
2026-05-17 20:31:37,426 - INFO - Downloading charset_normalizer-2.0.12-py3-none-any.whl (39 kB)
2026-05-17 20:31:38,500 - INFO - Collecting cffi>=1.0.1
2026-05-17 20:31:38,607 - INFO - Downloading cffi-1.15.1-cp36-cp36m-manylinux_2_5_x86_64.manylinux1_x86_64.whl (402 kB)
2026-05-17 20:31:39,085 - INFO - Collecting pycparser
2026-05-17 20:31:39,179 - INFO - Downloading pycparser-2.21-py2.py3-none-any.whl (118 kB)
2026-05-17 20:31:39,263 - INFO - Building wheels for collected packages: pywatchman, idna-ssl, maxminddb
2026-05-17 20:31:39,264 - INFO - Building wheel for pywatchman (setup.py): started
2026-05-17 20:31:39,877 - INFO - Building wheel for pywatchman (setup.py): finished with status 'done'
2026-05-17 20:31:39,878 - INFO - Created wheel for pywatchman: filename=pywatchman-1.4.1-cp36-cp36m-linux_x86_64.whl size=62457 sha256=485befb82cec0b21571d52149761c1ad24ea5979f775a9cdcdcf12079d5997e2
2026-05-17 20:31:39,878 - INFO - Stored in directory: /root/.cache/pip/wheels/8d/98/a9/f03130b4b0b1798a35f4572d60e096bebc8201267eaddf7874
2026-05-17 20:31:39,881 - INFO - Building wheel for idna-ssl (setup.py): started
2026-05-17 20:31:40,108 - INFO - Building wheel for idna-ssl (setup.py): finished with status 'done'
2026-05-17 20:31:40,108 - INFO - Created wheel for idna-ssl: filename=idna_ssl-1.1.0-py3-none-any.whl size=3178 sha256=bdb98aeb17ce08e2acfe02ea35a37a5676a008d232ca385e4d8119331d9c979f
2026-05-17 20:31:40,108 - INFO - Stored in directory: /root/.cache/pip/wheels/6a/f5/9c/f8331a854f7a8739cf0e74c13854e4dd7b1af11b04fe1dde13
2026-05-17 20:31:40,111 - INFO - Building wheel for maxminddb (setup.py): started
2026-05-17 20:31:40,460 - INFO - Building wheel for maxminddb (setup.py): finished with status 'done'
2026-05-17 20:31:40,460 - INFO - Created wheel for maxminddb: filename=maxminddb-2.2.0-py2.py3-none-any.whl size=16356 sha256=bc3d6796a54fca89f86a8e8a8fa805e751591289fb5fcf26895909bca87b01aa
2026-05-17 20:31:40,460 - INFO - Stored in directory: /root/.cache/pip/wheels/4a/01/2e/0219dd35e909a917dea3da2113250fa684693406bbcfd64dbe
2026-05-17 20:31:40,463 - INFO - Successfully built pywatchman idna-ssl maxminddb
2026-05-17 20:31:40,617 - INFO - Installing collected packages: typing-extensions, pycparser, multidict, idna, frozenlist, yarl, urllib3, idna-ssl, charset-normalizer, cffi, attrs, asynctest, async-timeout, aiosignal, requests, maxminddb, MarkupSafe, dataclasses, argon2-cffi-bindings, aiohttp, tblib, sqlparse, selenium, PyYAML, pywatchman, pytz, python-memcached, pylibmc, Pillow, numpy, jinja2, geoip2, docutils, bcrypt, asgiref, argon2-cffi
2026-05-17 20:31:43,544 - INFO - Successfully installed MarkupSafe-2.0.1 Pillow-8.4.0 PyYAML-6.0.1 aiohttp-3.8.6 aiosignal-1.2.0 argon2-cffi-21.3.0 argon2-cffi-bindings-21.2.0 asgiref-3.4.1 async-timeout-4.0.2 asynctest-0.13.0 attrs-22.2.0 bcrypt-4.0.1 cffi-1.15.1 charset-normalizer-2.0.12 dataclasses-0.8 docutils-0.18.1 frozenlist-1.2.0 geoip2-4.6.0 idna-3.10 idna-ssl-1.1.0 jinja2-3.0.3 maxminddb-2.2.0 multidict-5.2.0 numpy-1.19.5 pycparser-2.21 pylibmc-1.6.3 python-memcached-1.62 pytz-2026.2 pywatchman-1.4.1 requests-2.27.1 selenium-3.141.0 sqlparse-0.4.4 tblib-1.7.0 typing-extensions-4.1.1 urllib3-1.26.20 yarl-1.7.2
2026-05-17 20:31:43,544 - INFO - WARNING: Running pip as the 'root' user can result in broken permissions and conflicting behaviour with the system package manager. It is recommended to use a virtual environment instead: https://pip.pypa.io/warnings/venv
2026-05-17 20:31:44,478 - INFO - + rm /root/requirements.txt
2026-05-17 20:31:44,480 - INFO - + conda activate testbed
+ local cmd=activate
+ case "$cmd" in
+ __conda_activate activate testbed
+ '[' -n '' ']'
2026-05-17 20:31:44,480 - INFO - + local ask_conda
2026-05-17 20:31:44,480 - INFO - ++ PS1='(testbed) '
++ __conda_exe shell.posix activate testbed
2026-05-17 20:31:44,481 - INFO - ++ /opt/miniconda3/bin/conda shell.posix activate testbed
2026-05-17 20:31:44,591 - INFO - + ask_conda='PS1='\''(testbed) '\''
export PATH='\''/opt/miniconda3/envs/testbed/bin:/opt/miniconda3/condabin:/opt/miniconda3/bin:/usr/local/sbin:/usr/local/bin:/usr/sbin:/usr/bin:/sbin:/bin'\''
export CONDA_SHLVL='\''2'\''
export CONDA_PROMPT_MODIFIER='\''(testbed) '\'''
+ eval 'PS1='\''(testbed) '\''
export PATH='\''/opt/miniconda3/envs/testbed/bin:/opt/miniconda3/condabin:/opt/miniconda3/bin:/usr/local/sbin:/usr/local/bin:/usr/sbin:/usr/bin:/sbin:/bin'\''
export CONDA_SHLVL='\''2'\''
export CONDA_PROMPT_MODIFIER='\''(testbed) '\'''
++ PS1='(testbed) '
++ export PATH=/opt/miniconda3/envs/testbed/bin:/opt/miniconda3/condabin:/opt/miniconda3/bin:/usr/local/sbin:/usr/local/bin:/usr/sbin:/usr/bin:/sbin:/bin
++ PATH=/opt/miniconda3/envs/testbed/bin:/opt/miniconda3/condabin:/opt/miniconda3/bin:/usr/local/sbin:/usr/local/bin:/usr/sbin:/usr/bin:/sbin:/bin
++ export CONDA_SHLVL=2
++ CONDA_SHLVL=2
++ export 'CONDA_PROMPT_MODIFIER=(testbed) '
++ CONDA_PROMPT_MODIFIER='(testbed) '
+ __conda_hashr
2026-05-17 20:31:44,592 - INFO - + '[' -n '' ']'
+ '[' -n '' ']'
+ hash -r
2026-05-17 20:31:55,597 - INFO - ---> Removed intermediate container 3dbf579307ef
2026-05-17 20:31:55,597 - INFO - ---> 193b2a0407ce
2026-05-17 20:31:55,597 - INFO - Step 6/7 : WORKDIR /testbed/
2026-05-17 20:31:55,597 - INFO - 
2026-05-17 20:31:55,651 - INFO - ---> Running in 4b3e431323f6
2026-05-17 20:31:55,688 - INFO - ---> Removed intermediate container 4b3e431323f6
2026-05-17 20:31:55,689 - INFO - ---> c35571544107
2026-05-17 20:31:55,689 - INFO - Step 7/7 : RUN echo "source /opt/miniconda3/etc/profile.d/conda.sh && conda activate testbed" > /root/.bashrc
2026-05-17 20:31:55,689 - INFO - 
2026-05-17 20:31:55,710 - INFO - ---> Running in b160f07567a2
2026-05-17 20:31:56,297 - INFO - ---> Removed intermediate container b160f07567a2
2026-05-17 20:31:56,297 - INFO - ---> b55a50ca2328
2026-05-17 20:31:56,297 - INFO - Successfully built b55a50ca2328
2026-05-17 20:31:56,302 - INFO - Successfully tagged sweb.env.py.x86_64.a18371b03f944585b4f08c:latest
2026-05-17 20:31:56,302 - INFO - Image built successfully!
