\BOOKMARK [1][-]{section.1}{\376\377\000I\000n\000t\000r\000o\000d\000u\000c\000t\000i\000o\000n}{}% 1
\BOOKMARK [1][-]{section.2}{\376\377\000R\000e\000l\000a\000t\000e\000d\000\040\000W\000o\000r\000k}{}% 2
\BOOKMARK [1][-]{section.3}{\376\377\000E\000x\000p\000e\000r\000i\000m\000e\000n\000t\000a\000l\000\040\000S\000e\000t\000u\000p}{}% 3
\BOOKMARK [2][-]{subsection.3.1}{\376\377\000D\000o\000m\000a\000i\000n\000\040\000S\000e\000l\000e\000c\000t\000i\000o\000n}{section.3}% 4
\BOOKMARK [2][-]{subsection.3.2}{\376\377\000T\000r\000a\000i\000n\000i\000n\000g\000\040\000M\000e\000t\000h\000o\000d\000s}{section.3}% 5
\BOOKMARK [2][-]{subsection.3.3}{\376\377\000F\000a\000i\000r\000n\000e\000s\000s\000\040\000P\000r\000o\000t\000o\000c\000o\000l}{section.3}% 6
\BOOKMARK [1][-]{section.4}{\376\377\000R\000e\000s\000u\000l\000t\000s}{}% 7
\BOOKMARK [2][-]{subsection.4.1}{\376\377\000S\000t\000a\000n\000d\000a\000r\000d\000\040\000G\000R\000P\000O\000\040\000F\000a\000i\000l\000s\000\040\000E\000v\000e\000r\000y\000w\000h\000e\000r\000e}{section.4}% 8
\BOOKMARK [2][-]{subsection.4.2}{\376\377\000L\000e\000a\000r\000n\000i\000n\000g\000\040\000R\000a\000t\000e\000\040\000U\000n\000l\000o\000c\000k\000s\000\040\000G\000R\000P\000O\000\040\000o\000n\000\040\000K\000n\000o\000w\000l\000e\000d\000g\000e\000\040\000D\000o\000m\000a\000i\000n\000s}{section.4}% 9
\BOOKMARK [2][-]{subsection.4.3}{\376\377\000S\000F\000T\000\040\000D\000a\000t\000a\000\040\000S\000c\000a\000l\000i\000n\000g\000:\000\040\000T\000h\000e\000\040\000I\000n\000v\000e\000r\000t\000e\000d\000-\000U}{section.4}% 10
\BOOKMARK [2][-]{subsection.4.4}{\376\377\000P\000e\000r\000p\000l\000e\000x\000i\000t\000y\000\040\000C\000o\000r\000r\000e\000l\000a\000t\000e\000s\000\040\000w\000i\000t\000h\000\040\000D\000e\000g\000r\000a\000d\000a\000t\000i\000o\000n}{section.4}% 11
\BOOKMARK [2][-]{subsection.4.5}{\376\377\000A\000\040\000P\000r\000e\000-\000T\000r\000a\000i\000n\000i\000n\000g\000\040\000D\000i\000a\000g\000n\000o\000s\000t\000i\000c\000:\000\040\000P\000r\000e\000d\000i\000c\000t\000i\000n\000g\000\040\000L\000e\000a\000r\000n\000i\000n\000g\000\040\000Q\000u\000a\000l\000i\000t\000y}{section.4}% 12
\BOOKMARK [2][-]{subsection.4.6}{\376\377\000C\000r\000o\000s\000s\000-\000D\000o\000m\000a\000i\000n\000\040\000T\000r\000a\000n\000s\000f\000e\000r}{section.4}% 13
\BOOKMARK [1][-]{section.5}{\376\377\000A\000n\000a\000l\000y\000s\000i\000s\000\040\000a\000n\000d\000\040\000D\000i\000s\000c\000u\000s\000s\000i\000o\000n}{}% 14
\BOOKMARK [2][-]{subsection.5.1}{\376\377\000F\000o\000r\000w\000a\000r\000d\000\040\000K\000L\000\040\000v\000s\000\040\000R\000e\000v\000e\000r\000s\000e\000\040\000K\000L\000:\000\040\000W\000h\000y\000\040\000R\000e\000c\000i\000p\000e\000s\000\040\000D\000i\000f\000f\000e\000r}{section.5}% 15
\BOOKMARK [2][-]{subsection.5.2}{\376\377\000W\000h\000a\000t\000\040\000D\000o\000e\000s\000\040\000H\000i\000g\000h\000-\000L\000R\000\040\000G\000R\000P\000O\000\040\000A\000c\000t\000u\000a\000l\000l\000y\000\040\000L\000e\000a\000r\000n\000?}{section.5}% 16
\BOOKMARK [2][-]{subsection.5.3}{\376\377\000P\000r\000a\000c\000t\000i\000c\000a\000l\000\040\000R\000e\000c\000i\000p\000e\000\040\000F\000r\000a\000m\000e\000w\000o\000r\000k}{section.5}% 17
\BOOKMARK [1][-]{section.6}{\376\377\000C\000o\000n\000c\000l\000u\000s\000i\000o\000n}{}% 18
\BOOKMARK [1][-]{appendix.A}{\376\377\000P\000r\000a\000c\000t\000i\000c\000a\000l\000\040\000R\000e\000c\000i\000p\000e\000\040\000G\000u\000i\000d\000e}{}% 19
\BOOKMARK [1][-]{appendix.B}{\376\377\000H\000y\000p\000e\000r\000p\000a\000r\000a\000m\000e\000t\000e\000r\000s}{}% 20
\BOOKMARK [1][-]{appendix.C}{\376\377\000S\000F\000T\000\040\000D\000a\000t\000a\000\040\000S\000c\000a\000l\000i\000n\000g\000\040\000D\000e\000t\000a\000i\000l\000s}{}% 21
\BOOKMARK [1][-]{appendix.D}{\376\377\000R\000e\000w\000a\000r\000d\000\040\000F\000u\000n\000c\000t\000i\000o\000n\000\040\000D\000e\000t\000a\000i\000l\000s}{}% 22
\BOOKMARK [1][-]{appendix.E}{\376\377\000S\000F\000T\000\040\000D\000a\000t\000a\000\040\000C\000o\000n\000s\000t\000r\000u\000c\000t\000i\000o\000n}{}% 23
\BOOKMARK [1][-]{appendix.F}{\376\377\000F\000u\000l\000l\000\040\000S\000F\000T\000\040\000D\000a\000t\000a\000\040\000S\000c\000a\000l\000i\000n\000g\000\040\000R\000e\000s\000u\000l\000t\000s}{}% 24
\BOOKMARK [1][-]{appendix.G}{\376\377\000G\000R\000P\000O\000\040\000L\000e\000a\000r\000n\000i\000n\000g\000\040\000R\000a\000t\000e\000\040\000S\000w\000e\000e\000p\000\040\000D\000e\000t\000a\000i\000l\000s}{}% 25
\BOOKMARK [1][-]{appendix.H}{\376\377\000C\000r\000o\000s\000s\000-\000M\000o\000d\000e\000l\000\040\000V\000a\000l\000i\000d\000a\000t\000i\000o\000n\000:\000\040\000Q\000w\000e\000n\0003\000-\0008\000B}{}% 26
\BOOKMARK [1][-]{appendix.I}{\376\377\000T\000r\000a\000i\000n\000i\000n\000g\000\040\000D\000y\000n\000a\000m\000i\000c\000s\000:\000\040\000R\000e\000w\000a\000r\000d\000\040\000T\000r\000a\000j\000e\000c\000t\000o\000r\000i\000e\000s}{}% 27
\BOOKMARK [1][-]{appendix.J}{\376\377\000S\000F\000T\000G\000R\000P\000O\000\040\000H\000y\000b\000r\000i\000d\000\040\000D\000e\000t\000a\000i\000l\000s}{}% 28
\BOOKMARK [1][-]{appendix.K}{\376\377\000K\000L\000\040\000P\000e\000n\000a\000l\000t\000y\000\040\000a\000n\000d\000\040\000G\000r\000o\000u\000p\000\040\000S\000i\000z\000e\000\040\000A\000b\000l\000a\000t\000i\000o\000n}{}% 29
\BOOKMARK [1][-]{appendix.L}{\376\377\000C\000r\000o\000s\000s\000-\000M\000o\000d\000e\000l\000\040\000V\000a\000l\000i\000d\000a\000t\000i\000o\000n}{}% 30
\BOOKMARK [1][-]{appendix.M}{\376\377\000O\000u\000t\000-\000o\000f\000-\000D\000i\000s\000t\000r\000i\000b\000u\000t\000i\000o\000n\000\040\000T\000r\000a\000n\000s\000f\000e\000r}{}% 31
\BOOKMARK [1][-]{appendix.N}{\376\377\000S\000F\000T\000\040\000L\000e\000a\000r\000n\000s\000\040\000F\000o\000r\000m\000a\000t\000,\000\040\000N\000o\000t\000\040\000D\000o\000m\000a\000i\000n\000\040\000K\000n\000o\000w\000l\000e\000d\000g\000e}{}% 32
\BOOKMARK [1][-]{appendix.O}{\376\377\000O\000n\000-\000P\000o\000l\000i\000c\000y\000\040\000S\000e\000l\000f\000-\000D\000i\000s\000t\000i\000l\000l\000a\000t\000i\000o\000n\000\040\000\050\000O\000P\000D\000\051\000\040\000R\000e\000s\000u\000l\000t\000s}{}% 33
